Information: Propagating switching activity (low effort zero delay simulation). (PWR-6)
Warning: Design has unannotated primary inputs. (PWR-414)
Warning: Design has unannotated sequential cell outputs. (PWR-415)
 
****************************************
Report : power
        -hier
        -analysis_effort low
Design : rop3_lut256
Version: R-2020.09-SP5
Date   : Sun Oct 23 13:32:16 2022
****************************************


Library(s) Used:

    slow_vdd1v2 (File: /usr/cadtool/GPDK45/gsclib045_svt_v4.4/gsclib045/db/slow_vdd1v2_basicCells_wl.db)


Operating Conditions: PVT_1P08V_125C   Library: slow_vdd1v2
Wire Load Model Mode: enclosed

Design        Wire Load Model            Library
------------------------------------------------
rop3_lut256            Large             slow_vdd1v2
fsm                    Small             slow_vdd1v2
SNPS_CLOCK_GATE_HIGH_rop3_lut256_mydesign_0
                       Small             slow_vdd1v2
SNPS_CLOCK_GATE_HIGH_rop3_lut256_mydesign_11
                       Small             slow_vdd1v2
SNPS_CLOCK_GATE_HIGH_rop3_lut256_mydesign_10
                       Small             slow_vdd1v2
SNPS_CLOCK_GATE_HIGH_rop3_lut256_mydesign_9
                       Small             slow_vdd1v2
SNPS_CLOCK_GATE_HIGH_rop3_lut256_mydesign_8
                       Small             slow_vdd1v2
SNPS_CLOCK_GATE_HIGH_rop3_lut256_mydesign_7
                       Small             slow_vdd1v2
SNPS_CLOCK_GATE_HIGH_rop3_lut256_mydesign_6
                       Small             slow_vdd1v2
SNPS_CLOCK_GATE_HIGH_rop3_lut256_mydesign_5
                       Small             slow_vdd1v2
SNPS_CLOCK_GATE_HIGH_rop3_lut256_mydesign_4
                       Small             slow_vdd1v2
SNPS_CLOCK_GATE_HIGH_rop3_lut256_mydesign_3
                       Small             slow_vdd1v2
SNPS_CLOCK_GATE_HIGH_rop3_lut256_mydesign_2
                       Small             slow_vdd1v2
SNPS_CLOCK_GATE_HIGH_rop3_lut256_mydesign_1
                       Small             slow_vdd1v2


Global Operating Voltage = 1.08 
Power-specific unit information :
    Voltage Units = 1V
    Capacitance Units = 1.000000pf
    Time Units = 1ns
    Dynamic Power Units = 1mW    (derived from V,C,T units)
    Leakage Power Units = 1pW


--------------------------------------------------------------------------------
                                       Switch   Int      Leak     Total
Hierarchy                              Power    Power    Power    Power    %
--------------------------------------------------------------------------------
rop3_lut256                               0.155    0.425 6.99e+05    0.581 100.0
  fsm_U0 (fsm)                         4.90e-04 5.48e-03  630.589 5.97e-03   1.0
1
