###############################################################
#  Generated by:      Cadence Innovus 20.10-p004_1
#  OS:                Linux x86_64(Host ID ws42)
#  Generated on:      Wed Jan 18 01:18:54 2023
#  Design:            fourD_kalman_filter
#  Command:           verifyConnectivity -type all -error 1000 -warning 50
###############################################################
Verify Connectivity Report is created on Wed Jan 18 01:18:54 2023



Net VDD: dangling Wire at (949.400, 825.550) (949.400, 825.550) on layer: Metal1
Net VDD: dangling Wire at (949.400, 811.870) (949.400, 811.870) on layer: Metal1
Net VDD: dangling Wire at (949.400, 726.370) (949.400, 726.370) on layer: Metal1
Net VDD: dangling Wire at (949.400, 685.330) (949.400, 685.330) on layer: Metal1
Net VDD: dangling Wire at (949.400, 671.650) (949.400, 671.650) on layer: Metal1
Net VDD: dangling Wire at (949.400, 657.970) (949.400, 657.970) on layer: Metal1
Net VDD: dangling Wire at (949.400, 545.110) (949.400, 545.110) on layer: Metal1
Net VDD: dangling Wire at (949.400, 531.430) (949.400, 531.430) on layer: Metal1
Net VDD: dangling Wire at (949.400, 517.750) (949.400, 517.750) on layer: Metal1
Net VDD: dangling Wire at (949.400, 504.070) (949.400, 504.070) on layer: Metal1
Net VDD: dangling Wire at (949.400, 377.530) (949.400, 377.530) on layer: Metal1
Net VDD: dangling Wire at (949.400, 363.850) (949.400, 363.850) on layer: Metal1
Net VDD: dangling Wire at (949.400, 237.310) (949.400, 237.310) on layer: Metal1
Net VDD: dangling Wire at (949.400, 223.630) (949.400, 223.630) on layer: Metal1
Net VDD: dangling Wire at (949.400, 209.950) (949.400, 209.950) on layer: Metal1
Net VDD: dangling Wire at (949.400, 124.450) (949.400, 124.450) on layer: Metal1
Net VDD: dangling Wire at (949.400, 97.090) (949.400, 97.090) on layer: Metal1
Net VDD: dangling Wire at (949.400, 83.410) (949.400, 83.410) on layer: Metal1
Net VDD: dangling Wire at (949.400, 69.730) (949.400, 69.730) on layer: Metal1
Net VDD: dangling Wire at (949.400, 56.050) (949.400, 56.050) on layer: Metal1
Net VSS: dangling Wire at (949.400, 909.340) (949.400, 909.340) on layer: Metal1
Net VSS: dangling Wire at (949.400, 881.980) (949.400, 881.980) on layer: Metal1
Net VSS: dangling Wire at (949.400, 461.320) (949.400, 461.320) on layer: Metal1
Net VSS: dangling Wire at (949.400, 280.060) (949.400, 280.060) on layer: Metal1

Begin Summary
    24 Problem(s) (IMPVFC-94): The net has dangling wire(s).
    24 total info(s) created.
End Summary
