****************************************
Report : Time Based Power
Design : fourD_kalman_filter
Version: S-2021.06
Date   : Sat Jan 14 05:54:57 2023
****************************************



  Attributes
  ----------
      i  -  Including register clock pin internal power
      u  -  User defined power group

                        Internal  Switching  Leakage    Total
Power Group             Power     Power      Power      Power   (     %)  Attrs
--------------------------------------------------------------------------------
clock_network           1.196e-04    0.0000    0.0000 1.196e-04 (10.68%)  i
register                1.655e-04 2.116e-05 1.191e-06 1.878e-04 (16.77%)  
combinational           3.623e-04 4.380e-04 1.242e-05 8.127e-04 (72.55%)  
sequential                 0.0000    0.0000    0.0000    0.0000 ( 0.00%)  
memory                     0.0000    0.0000    0.0000    0.0000 ( 0.00%)  
io_pad                     0.0000    0.0000    0.0000    0.0000 ( 0.00%)  
black_box                  0.0000    0.0000    0.0000    0.0000 ( 0.00%)  

  Net Switching Power  = 4.592e-04   (40.99%)
  Cell Internal Power  = 6.474e-04   (57.79%)
  Cell Leakage Power   = 1.361e-05   ( 1.22%)
                         ---------
Total Power            = 1.120e-03  (100.00%)

X Transition Power     =    0.0000
Glitching Power        = 2.366e-06

Peak Power             =    0.1107
Peak Time              =   500.000

1
