****************************************
Report : Time Based Power
Design : fourD_kalman_filter
Version: S-2021.06
Date   : Sat Jan 14 05:45:48 2023
****************************************



  Attributes
  ----------
      i  -  Including register clock pin internal power
      u  -  User defined power group

                        Internal  Switching  Leakage    Total
Power Group             Power     Power      Power      Power   (     %)  Attrs
--------------------------------------------------------------------------------
clock_network           1.199e-04    0.0000    0.0000 1.199e-04 (27.93%)  i
register                5.051e-05 6.822e-06 1.194e-06 5.852e-05 (13.64%)  
combinational           1.525e-04 8.737e-05 1.080e-05 2.507e-04 (58.43%)  
sequential                 0.0000    0.0000    0.0000    0.0000 ( 0.00%)  
memory                     0.0000    0.0000    0.0000    0.0000 ( 0.00%)  
io_pad                     0.0000    0.0000    0.0000    0.0000 ( 0.00%)  
black_box                  0.0000    0.0000    0.0000    0.0000 ( 0.00%)  

  Net Switching Power  = 9.420e-05   (21.95%)
  Cell Internal Power  = 3.229e-04   (75.25%)
  Cell Leakage Power   = 1.199e-05   ( 2.80%)
                         ---------
Total Power            = 4.291e-04  (100.00%)

X Transition Power     =    0.0000
Glitching Power        =    0.0000

Peak Power             =    3.6828
Peak Time              =   850.000

1
