Command: vcs -R +v2k -full64 -f sim.f -debug_acc -l vcs.log
                         Chronologic VCS (TM)
         Version T-2022.06_Full64 -- Tue Jan 10 00:16:13 2023

                    Copyright (c) 1991 - 2022 Synopsys, Inc.
   This software and the associated documentation are proprietary to Synopsys,
 Inc. This software may only be used in accordance with the terms and conditions
 of a written license agreement with Synopsys, Inc. All other use, reproduction,
   or distribution of this software is strictly prohibited.  Licensed Products
     communicate with Synopsys servers for the purpose of providing software
    updates, detecting software piracy and verifying that customers are using
    Licensed Products in conformity with the applicable License Key for such
  Licensed Products. Synopsys will use information gathered in connection with
    this process to deliver software updates and pursue software pirates and
                                   infringers.

 Inclusivity & Diversity - Visit SolvNetPlus to read the "Synopsys Statement on
            Inclusivity and Diversity" (Refer to article 000036315 at
                        https://solvnetplus.synopsys.com)

The design hasn't changed and need not be recompiled. 
If you really want to, delete file simv.daidir/.vcs.timestamp and
run VCS again.

Command: /home/u108/u108061272/ICLAB/final_project/sim/./simv +v2k -a vcs.log
Chronologic VCS simulator copyright 1991-2022
Contains Synopsys proprietary information.
Compiler version T-2022.06_Full64; Runtime version T-2022.06_Full64;  Jan 10 00:16 2023
*Verdi* Loading libsscore_vcs202206.so
FSDB Dumper for VCS, Release Verdi_T-2022.06, Linux x86_64/64bit, 05/29/2022
(C) 1996 - 2022 by Synopsys, Inc.
*Verdi* FSDB WARNING: The FSDB file already exists. Overwriting the FSDB file may crash the programs that are using this file.
*Verdi* : Create FSDB file 'kalman_filter.fsdb'
*Verdi* : Begin traversing the scopes, layer (0).
*Verdi* : Enable +mda dumping.
*Verdi* : End of traversing.
simulating pattern           1 .......
simulating pattern           2 .......
simulating pattern           3 .......
simulating pattern           4 .......
simulating pattern           5 .......
simulating pattern           6 .......
simulating pattern           7 .......
simulating pattern           8 .......
simulating pattern           9 .......
simulating pattern          10 .......
simulating pattern          11 .......
simulating pattern          12 .......
simulating pattern          13 .......
simulating pattern          14 .......
simulating pattern          15 .......
simulating pattern          16 .......
simulating pattern          17 .......
simulating pattern          18 .......
simulating pattern          19 .......
simulating pattern          20 .......
simulating pattern          21 .......
simulating pattern          22 .......
simulating pattern          23 .......
simulating pattern          24 .......
simulating pattern          25 .......
simulating pattern          26 .......
simulating pattern          27 .......
simulating pattern          28 .......
simulating pattern          29 .......
simulating pattern          30 .......
simulating pattern          31 .......
simulating pattern          32 .......
simulating pattern          33 .......
simulating pattern          34 .......
simulating pattern          35 .......
simulating pattern          36 .......
simulating pattern          37 .......
simulating pattern          38 .......
simulating pattern          39 .......
simulating pattern          40 .......
simulating pattern          41 .......
simulating pattern          42 .......
simulating pattern          43 .......
simulating pattern          44 .......
simulating pattern          45 .......
simulating pattern          46 .......
simulating pattern          47 .......
simulating pattern          48 .......
simulating pattern          49 .......
simulating pattern          50 .......
simulating pattern          51 .......
simulating pattern          52 .......
simulating pattern          53 .......
simulating pattern          54 .......
simulating pattern          55 .......
simulating pattern          56 .......
simulating pattern          57 .......
simulating pattern          58 .......
simulating pattern          59 .......
simulating pattern          60 .......
simulating pattern          61 .......
simulating pattern          62 .......
simulating pattern          63 .......
simulating pattern          64 .......
simulating pattern          65 .......
simulating pattern          66 .......
simulating pattern          67 .......
simulating pattern          68 .......
simulating pattern          69 .......
simulating pattern          70 .......
simulating pattern          71 .......
simulating pattern          72 .......
simulating pattern          73 .......
simulating pattern          74 .......
simulating pattern          75 .......
simulating pattern          76 .......
simulating pattern          77 .......
simulating pattern          78 .......
simulating pattern          79 .......
simulating pattern          80 .......
simulating pattern          81 .......
simulating pattern          82 .......
simulating pattern          83 .......
simulating pattern          84 .......
simulating pattern          85 .......
simulating pattern          86 .......
simulating pattern          87 .......
simulating pattern          88 .......
simulating pattern          89 .......
simulating pattern          90 .......
simulating pattern          91 .......
simulating pattern          92 .......
simulating pattern          93 .......
simulating pattern          94 .......
simulating pattern          95 .......
simulating pattern          96 .......
simulating pattern          97 .......
simulating pattern          98 .......
simulating pattern          99 .......
simulating pattern         100 .......
===================================================================
=                                                                 =
=       Congratulations!  All patterns'successfully passed!       =
=                                                                 =
===================================================================
$finish called from file "kalman_filter_test.v", line 375.
$finish at simulation time                 1095
           V C S   S i m u l a t i o n   R e p o r t 
Time: 1095
CPU Time:      0.790 seconds;       Data structure size:   0.1Mb
Tue Jan 10 00:16:15 2023
CPU time: .856 seconds in simulation
