 
****************************************
Report : timing
        -path full
        -delay max
        -nworst 2
        -max_paths 4
Design : fourD_kalman_filter
Version: R-2020.09-SP5
Date   : Sat Jan 14 15:44:12 2023
****************************************

 # A fanout number of 1000 was used for high fanout net computations.

Operating Conditions: PVT_1P08V_125C   Library: slow_vdd1v2
Wire Load Model Mode: enclosed

  Startpoint: Q_00[0] (input port clocked by clk)
  Endpoint: Kalman_filter_Z/M9/C_00_reg_3_
            (rising edge-triggered flip-flop clocked by clk)
  Path Group: clk
  Path Type: max

  Des/Clust/Port     Wire Load Model       Library
  ------------------------------------------------
  fourD_kalman_filter
                     Large                 slow_vdd1v2
  kalman_filter_top_BIT_NUM18_FRAC_NUM9_mydesign_1
                     Small                 slow_vdd1v2
  mult_2x2_2x1_BIT_NUM18_FRAC_NUM9_mydesign_2
                     Small                 slow_vdd1v2

  Point                                                   Incr       Path
  --------------------------------------------------------------------------
  clock clk (rise edge)                                 0.0000     0.0000
  clock network delay (ideal)                           0.0000     0.0000
  input external delay                                  7.5000     7.5000 r
  Q_00[0] (in)                                          0.0137     7.5137 r
  Kalman_filter_Z/Q_00[0] (kalman_filter_top_BIT_NUM18_FRAC_NUM9_mydesign_1)
                                                        0.0000     7.5137 r
  Kalman_filter_Z/U3389/CO (ADDHX1)                     0.1118     7.6254 r
  Kalman_filter_Z/U3388/CO (ADDFX1)                     0.1235     7.7490 r
  Kalman_filter_Z/U3387/CO (ADDFX1)                     0.1257     7.8747 r
  Kalman_filter_Z/U3386/CO (ADDFX1)                     0.1258     8.0005 r
  Kalman_filter_Z/U3385/CO (ADDFX1)                     0.1258     8.1262 r
  Kalman_filter_Z/U3384/CO (ADDFX1)                     0.1258     8.2520 r
  Kalman_filter_Z/U3383/CO (ADDFX1)                     0.1258     8.3778 r
  Kalman_filter_Z/U3382/CO (ADDFX1)                     0.1258     8.5035 r
  Kalman_filter_Z/U3381/CO (ADDFX1)                     0.1258     8.6293 r
  Kalman_filter_Z/U3380/CO (ADDFX1)                     0.1258     8.7551 r
  Kalman_filter_Z/U3379/CO (ADDFX1)                     0.1258     8.8808 r
  Kalman_filter_Z/U3378/CO (ADDFX1)                     0.1258     9.0066 r
  Kalman_filter_Z/U3377/CO (ADDFX1)                     0.1258     9.1323 r
  Kalman_filter_Z/U3376/CO (ADDFX1)                     0.1258     9.2581 r
  Kalman_filter_Z/U3375/CO (ADDFX1)                     0.1258     9.3839 r
  Kalman_filter_Z/U3390/CO (ADDFX1)                     0.1258     9.5096 r
  Kalman_filter_Z/U3391/CO (ADDFX1)                     0.1248     9.6344 r
  Kalman_filter_Z/U673/Y (XNOR2X1)                      0.0932     9.7276 f
  Kalman_filter_Z/U670/Y (XNOR2X1)                      0.1177     9.8453 r
  Kalman_filter_Z/M9/A_00[17] (mult_2x2_2x1_BIT_NUM18_FRAC_NUM9_mydesign_2)
                                                        0.0000     9.8453 r
  Kalman_filter_Z/M9/U6/Y (INVX1)                       0.0682     9.9135 f
  Kalman_filter_Z/M9/U560/Y (XNOR2X1)                   0.1299    10.0434 r
  Kalman_filter_Z/M9/U49/Y (NOR2BXL)                    0.1731    10.2165 r
  Kalman_filter_Z/M9/U81/Y (AOI222X1)                   0.1857    10.4023 f
  Kalman_filter_Z/M9/U59/Y (XNOR2X1)                    0.1298    10.5321 r
  Kalman_filter_Z/M9/U1556/S (ADDHX1)                   0.1168    10.6489 f
  Kalman_filter_Z/M9/U1559/S (ADDFX1)                   0.1862    10.8351 r
  Kalman_filter_Z/M9/U1561/S (ADDFX1)                   0.2109    11.0460 f
  Kalman_filter_Z/M9/U1567/CO (ADDFX1)                  0.1376    11.1836 f
  Kalman_filter_Z/M9/U1611/S (ADDFX1)                   0.1882    11.3719 r
  Kalman_filter_Z/M9/U1618/CO (ADDFX1)                  0.1511    11.5230 r
  Kalman_filter_Z/M9/U1652/S (ADDFX1)                   0.1647    11.6877 r
  Kalman_filter_Z/M9/U1653/S (ADDFX1)                   0.2089    11.8966 f
  Kalman_filter_Z/M9/U1628/S (ADDFX1)                   0.1882    12.0848 r
  Kalman_filter_Z/M9/U1661/CO (ADDFX1)                  0.1498    12.2346 r
  Kalman_filter_Z/M9/U1691/CO (ADDFX1)                  0.1258    12.3604 r
  Kalman_filter_Z/M9/U1717/CO (ADDFX1)                  0.1258    12.4861 r
  Kalman_filter_Z/M9/U1748/CO (ADDFX1)                  0.1258    12.6119 r
  Kalman_filter_Z/M9/U1778/CO (ADDFX1)                  0.1258    12.7377 r
  Kalman_filter_Z/M9/U1809/CO (ADDFX1)                  0.1258    12.8634 r
  Kalman_filter_Z/M9/U1850/CO (ADDFX1)                  0.1258    12.9892 r
  Kalman_filter_Z/M9/U1875/CO (ADDFX1)                  0.1258    13.1149 r
  Kalman_filter_Z/M9/U2687/CO (ADDFX1)                  0.1248    13.2398 r
  Kalman_filter_Z/M9/U834/Y (OAI222XL)                  0.1232    13.3629 f
  Kalman_filter_Z/M9/U555/Y (OAI222XL)                  0.1204    13.4833 r
  Kalman_filter_Z/M9/U554/Y (OAI222XL)                  0.1634    13.6467 f
  Kalman_filter_Z/M9/U1108/Y (OAI222XL)                 0.1219    13.7686 r
  Kalman_filter_Z/M9/U951/Y (OAI222XL)                  0.1634    13.9320 f
  Kalman_filter_Z/M9/U615/Y (OAI222XL)                  0.1219    14.0539 r
  Kalman_filter_Z/M9/U614/Y (OAI222XL)                  0.1634    14.2174 f
  Kalman_filter_Z/M9/U1160/Y (OAI222XL)                 0.1219    14.3393 r
  Kalman_filter_Z/M9/U1162/Y (OAI222XL)                 0.1540    14.4933 f
  Kalman_filter_Z/M9/U972/Y (BUFX2)                     0.1291    14.6224 f
  Kalman_filter_Z/M9/C_00_reg_3_/S0 (SMDFFHQX1)         0.0182    14.6407 f
  data arrival time                                               14.6407

  clock clk (rise edge)                                15.0000    15.0000
  clock network delay (ideal)                           0.0000    15.0000
  Kalman_filter_Z/M9/C_00_reg_3_/CK (SMDFFHQX1)         0.0000    15.0000 r
  library setup time                                   -0.1876    14.8124
  data required time                                              14.8124
  --------------------------------------------------------------------------
  data required time                                              14.8124
  data arrival time                                              -14.6407
  --------------------------------------------------------------------------
  slack (MET)                                                      0.1717


  Startpoint: Q_00[0] (input port clocked by clk)
  Endpoint: Kalman_filter_Z/M9/C_00_reg_3_
            (rising edge-triggered flip-flop clocked by clk)
  Path Group: clk
  Path Type: max

  Des/Clust/Port     Wire Load Model       Library
  ------------------------------------------------
  fourD_kalman_filter
                     Large                 slow_vdd1v2
  kalman_filter_top_BIT_NUM18_FRAC_NUM9_mydesign_1
                     Small                 slow_vdd1v2
  mult_2x2_2x1_BIT_NUM18_FRAC_NUM9_mydesign_2
                     Small                 slow_vdd1v2

  Point                                                   Incr       Path
  --------------------------------------------------------------------------
  clock clk (rise edge)                                 0.0000     0.0000
  clock network delay (ideal)                           0.0000     0.0000
  input external delay                                  7.5000     7.5000 r
  Q_00[0] (in)                                          0.0137     7.5137 r
  Kalman_filter_Z/Q_00[0] (kalman_filter_top_BIT_NUM18_FRAC_NUM9_mydesign_1)
                                                        0.0000     7.5137 r
  Kalman_filter_Z/U3389/CO (ADDHX1)                     0.1118     7.6254 r
  Kalman_filter_Z/U3388/CO (ADDFX1)                     0.1235     7.7490 r
  Kalman_filter_Z/U3387/CO (ADDFX1)                     0.1257     7.8747 r
  Kalman_filter_Z/U3386/CO (ADDFX1)                     0.1258     8.0005 r
  Kalman_filter_Z/U3385/CO (ADDFX1)                     0.1258     8.1262 r
  Kalman_filter_Z/U3384/CO (ADDFX1)                     0.1258     8.2520 r
  Kalman_filter_Z/U3383/CO (ADDFX1)                     0.1258     8.3778 r
  Kalman_filter_Z/U3382/CO (ADDFX1)                     0.1258     8.5035 r
  Kalman_filter_Z/U3381/CO (ADDFX1)                     0.1258     8.6293 r
  Kalman_filter_Z/U3380/CO (ADDFX1)                     0.1258     8.7551 r
  Kalman_filter_Z/U3379/CO (ADDFX1)                     0.1258     8.8808 r
  Kalman_filter_Z/U3378/CO (ADDFX1)                     0.1258     9.0066 r
  Kalman_filter_Z/U3377/CO (ADDFX1)                     0.1258     9.1323 r
  Kalman_filter_Z/U3376/CO (ADDFX1)                     0.1258     9.2581 r
  Kalman_filter_Z/U3375/CO (ADDFX1)                     0.1258     9.3839 r
  Kalman_filter_Z/U3390/CO (ADDFX1)                     0.1258     9.5096 r
  Kalman_filter_Z/U3391/CO (ADDFX1)                     0.1248     9.6344 r
  Kalman_filter_Z/U673/Y (XNOR2X1)                      0.0932     9.7276 f
  Kalman_filter_Z/U670/Y (XNOR2X1)                      0.1177     9.8453 r
  Kalman_filter_Z/M9/A_00[17] (mult_2x2_2x1_BIT_NUM18_FRAC_NUM9_mydesign_2)
                                                        0.0000     9.8453 r
  Kalman_filter_Z/M9/U6/Y (INVX1)                       0.0682     9.9135 f
  Kalman_filter_Z/M9/U560/Y (XNOR2X1)                   0.1299    10.0434 r
  Kalman_filter_Z/M9/U49/Y (NOR2BXL)                    0.1731    10.2165 r
  Kalman_filter_Z/M9/U81/Y (AOI222X1)                   0.1857    10.4023 f
  Kalman_filter_Z/M9/U59/Y (XNOR2X1)                    0.1298    10.5321 r
  Kalman_filter_Z/M9/U1556/S (ADDHX1)                   0.1168    10.6489 f
  Kalman_filter_Z/M9/U1559/S (ADDFX1)                   0.1862    10.8351 r
  Kalman_filter_Z/M9/U1561/CO (ADDFX1)                  0.1511    10.9863 r
  Kalman_filter_Z/M9/U1606/S (ADDFX1)                   0.1647    11.1510 r
  Kalman_filter_Z/M9/U1611/S (ADDFX1)                   0.2109    11.3618 f
  Kalman_filter_Z/M9/U1618/CO (ADDFX1)                  0.1376    11.4995 f
  Kalman_filter_Z/M9/U1652/S (ADDFX1)                   0.1882    11.6877 r
  Kalman_filter_Z/M9/U1653/S (ADDFX1)                   0.2089    11.8966 f
  Kalman_filter_Z/M9/U1628/S (ADDFX1)                   0.1882    12.0848 r
  Kalman_filter_Z/M9/U1661/CO (ADDFX1)                  0.1498    12.2346 r
  Kalman_filter_Z/M9/U1691/CO (ADDFX1)                  0.1258    12.3604 r
  Kalman_filter_Z/M9/U1717/CO (ADDFX1)                  0.1258    12.4861 r
  Kalman_filter_Z/M9/U1748/CO (ADDFX1)                  0.1258    12.6119 r
  Kalman_filter_Z/M9/U1778/CO (ADDFX1)                  0.1258    12.7377 r
  Kalman_filter_Z/M9/U1809/CO (ADDFX1)                  0.1258    12.8634 r
  Kalman_filter_Z/M9/U1850/CO (ADDFX1)                  0.1258    12.9892 r
  Kalman_filter_Z/M9/U1875/CO (ADDFX1)                  0.1258    13.1149 r
  Kalman_filter_Z/M9/U2687/CO (ADDFX1)                  0.1248    13.2398 r
  Kalman_filter_Z/M9/U834/Y (OAI222XL)                  0.1232    13.3629 f
  Kalman_filter_Z/M9/U555/Y (OAI222XL)                  0.1204    13.4833 r
  Kalman_filter_Z/M9/U554/Y (OAI222XL)                  0.1634    13.6467 f
  Kalman_filter_Z/M9/U1108/Y (OAI222XL)                 0.1219    13.7686 r
  Kalman_filter_Z/M9/U951/Y (OAI222XL)                  0.1634    13.9320 f
  Kalman_filter_Z/M9/U615/Y (OAI222XL)                  0.1219    14.0539 r
  Kalman_filter_Z/M9/U614/Y (OAI222XL)                  0.1634    14.2174 f
  Kalman_filter_Z/M9/U1160/Y (OAI222XL)                 0.1219    14.3393 r
  Kalman_filter_Z/M9/U1162/Y (OAI222XL)                 0.1540    14.4933 f
  Kalman_filter_Z/M9/U972/Y (BUFX2)                     0.1291    14.6224 f
  Kalman_filter_Z/M9/C_00_reg_3_/S0 (SMDFFHQX1)         0.0182    14.6407 f
  data arrival time                                               14.6407

  clock clk (rise edge)                                15.0000    15.0000
  clock network delay (ideal)                           0.0000    15.0000
  Kalman_filter_Z/M9/C_00_reg_3_/CK (SMDFFHQX1)         0.0000    15.0000 r
  library setup time                                   -0.1876    14.8124
  data required time                                              14.8124
  --------------------------------------------------------------------------
  data required time                                              14.8124
  data arrival time                                              -14.6407
  --------------------------------------------------------------------------
  slack (MET)                                                      0.1717


  Startpoint: Q_00[0] (input port clocked by clk)
  Endpoint: Kalman_filter_Z/M9/C_00_reg_2_
            (rising edge-triggered flip-flop clocked by clk)
  Path Group: clk
  Path Type: max

  Des/Clust/Port     Wire Load Model       Library
  ------------------------------------------------
  fourD_kalman_filter
                     Large                 slow_vdd1v2
  kalman_filter_top_BIT_NUM18_FRAC_NUM9_mydesign_1
                     Small                 slow_vdd1v2
  mult_2x2_2x1_BIT_NUM18_FRAC_NUM9_mydesign_2
                     Small                 slow_vdd1v2

  Point                                                   Incr       Path
  --------------------------------------------------------------------------
  clock clk (rise edge)                                 0.0000     0.0000
  clock network delay (ideal)                           0.0000     0.0000
  input external delay                                  7.5000     7.5000 r
  Q_00[0] (in)                                          0.0137     7.5137 r
  Kalman_filter_Z/Q_00[0] (kalman_filter_top_BIT_NUM18_FRAC_NUM9_mydesign_1)
                                                        0.0000     7.5137 r
  Kalman_filter_Z/U3389/CO (ADDHX1)                     0.1118     7.6254 r
  Kalman_filter_Z/U3388/CO (ADDFX1)                     0.1235     7.7490 r
  Kalman_filter_Z/U3387/CO (ADDFX1)                     0.1257     7.8747 r
  Kalman_filter_Z/U3386/CO (ADDFX1)                     0.1258     8.0005 r
  Kalman_filter_Z/U3385/CO (ADDFX1)                     0.1258     8.1262 r
  Kalman_filter_Z/U3384/CO (ADDFX1)                     0.1258     8.2520 r
  Kalman_filter_Z/U3383/CO (ADDFX1)                     0.1258     8.3778 r
  Kalman_filter_Z/U3382/CO (ADDFX1)                     0.1258     8.5035 r
  Kalman_filter_Z/U3381/CO (ADDFX1)                     0.1258     8.6293 r
  Kalman_filter_Z/U3380/CO (ADDFX1)                     0.1258     8.7551 r
  Kalman_filter_Z/U3379/CO (ADDFX1)                     0.1258     8.8808 r
  Kalman_filter_Z/U3378/CO (ADDFX1)                     0.1258     9.0066 r
  Kalman_filter_Z/U3377/CO (ADDFX1)                     0.1258     9.1323 r
  Kalman_filter_Z/U3376/CO (ADDFX1)                     0.1258     9.2581 r
  Kalman_filter_Z/U3375/CO (ADDFX1)                     0.1258     9.3839 r
  Kalman_filter_Z/U3390/CO (ADDFX1)                     0.1258     9.5096 r
  Kalman_filter_Z/U3391/CO (ADDFX1)                     0.1248     9.6344 r
  Kalman_filter_Z/U673/Y (XNOR2X1)                      0.0932     9.7276 f
  Kalman_filter_Z/U670/Y (XNOR2X1)                      0.1177     9.8453 r
  Kalman_filter_Z/M9/A_00[17] (mult_2x2_2x1_BIT_NUM18_FRAC_NUM9_mydesign_2)
                                                        0.0000     9.8453 r
  Kalman_filter_Z/M9/U6/Y (INVX1)                       0.0682     9.9135 f
  Kalman_filter_Z/M9/U560/Y (XNOR2X1)                   0.1299    10.0434 r
  Kalman_filter_Z/M9/U49/Y (NOR2BXL)                    0.1731    10.2165 r
  Kalman_filter_Z/M9/U81/Y (AOI222X1)                   0.1857    10.4023 f
  Kalman_filter_Z/M9/U59/Y (XNOR2X1)                    0.1298    10.5321 r
  Kalman_filter_Z/M9/U1556/S (ADDHX1)                   0.1168    10.6489 f
  Kalman_filter_Z/M9/U1559/S (ADDFX1)                   0.1862    10.8351 r
  Kalman_filter_Z/M9/U1561/CO (ADDFX1)                  0.1511    10.9863 r
  Kalman_filter_Z/M9/U1606/S (ADDFX1)                   0.1647    11.1510 r
  Kalman_filter_Z/M9/U1611/S (ADDFX1)                   0.2109    11.3618 f
  Kalman_filter_Z/M9/U1618/CO (ADDFX1)                  0.1376    11.4995 f
  Kalman_filter_Z/M9/U1652/S (ADDFX1)                   0.1882    11.6877 r
  Kalman_filter_Z/M9/U1653/S (ADDFX1)                   0.2089    11.8966 f
  Kalman_filter_Z/M9/U1628/S (ADDFX1)                   0.1882    12.0848 r
  Kalman_filter_Z/M9/U1661/CO (ADDFX1)                  0.1498    12.2346 r
  Kalman_filter_Z/M9/U1691/CO (ADDFX1)                  0.1258    12.3604 r
  Kalman_filter_Z/M9/U1717/CO (ADDFX1)                  0.1258    12.4861 r
  Kalman_filter_Z/M9/U1748/CO (ADDFX1)                  0.1258    12.6119 r
  Kalman_filter_Z/M9/U1778/CO (ADDFX1)                  0.1258    12.7377 r
  Kalman_filter_Z/M9/U1809/CO (ADDFX1)                  0.1258    12.8634 r
  Kalman_filter_Z/M9/U1850/CO (ADDFX1)                  0.1258    12.9892 r
  Kalman_filter_Z/M9/U1875/CO (ADDFX1)                  0.1258    13.1149 r
  Kalman_filter_Z/M9/U2687/CO (ADDFX1)                  0.1248    13.2398 r
  Kalman_filter_Z/M9/U834/Y (OAI222XL)                  0.1232    13.3629 f
  Kalman_filter_Z/M9/U555/Y (OAI222XL)                  0.1204    13.4833 r
  Kalman_filter_Z/M9/U554/Y (OAI222XL)                  0.1634    13.6467 f
  Kalman_filter_Z/M9/U1108/Y (OAI222XL)                 0.1219    13.7686 r
  Kalman_filter_Z/M9/U951/Y (OAI222XL)                  0.1634    13.9320 f
  Kalman_filter_Z/M9/U615/Y (OAI222XL)                  0.1219    14.0539 r
  Kalman_filter_Z/M9/U614/Y (OAI222XL)                  0.1634    14.2174 f
  Kalman_filter_Z/M9/U1160/Y (OAI222XL)                 0.1219    14.3393 r
  Kalman_filter_Z/M9/U1162/Y (OAI222XL)                 0.1540    14.4933 f
  Kalman_filter_Z/M9/U972/Y (BUFX2)                     0.1291    14.6224 f
  Kalman_filter_Z/M9/C_00_reg_2_/S0 (SMDFFHQX1)         0.0182    14.6407 f
  data arrival time                                               14.6407

  clock clk (rise edge)                                15.0000    15.0000
  clock network delay (ideal)                           0.0000    15.0000
  Kalman_filter_Z/M9/C_00_reg_2_/CK (SMDFFHQX1)         0.0000    15.0000 r
  library setup time                                   -0.1876    14.8124
  data required time                                              14.8124
  --------------------------------------------------------------------------
  data required time                                              14.8124
  data arrival time                                              -14.6407
  --------------------------------------------------------------------------
  slack (MET)                                                      0.1717


  Startpoint: Q_00[0] (input port clocked by clk)
  Endpoint: Kalman_filter_Z/M9/C_00_reg_1_
            (rising edge-triggered flip-flop clocked by clk)
  Path Group: clk
  Path Type: max

  Des/Clust/Port     Wire Load Model       Library
  ------------------------------------------------
  fourD_kalman_filter
                     Large                 slow_vdd1v2
  kalman_filter_top_BIT_NUM18_FRAC_NUM9_mydesign_1
                     Small                 slow_vdd1v2
  mult_2x2_2x1_BIT_NUM18_FRAC_NUM9_mydesign_2
                     Small                 slow_vdd1v2

  Point                                                   Incr       Path
  --------------------------------------------------------------------------
  clock clk (rise edge)                                 0.0000     0.0000
  clock network delay (ideal)                           0.0000     0.0000
  input external delay                                  7.5000     7.5000 r
  Q_00[0] (in)                                          0.0137     7.5137 r
  Kalman_filter_Z/Q_00[0] (kalman_filter_top_BIT_NUM18_FRAC_NUM9_mydesign_1)
                                                        0.0000     7.5137 r
  Kalman_filter_Z/U3389/CO (ADDHX1)                     0.1118     7.6254 r
  Kalman_filter_Z/U3388/CO (ADDFX1)                     0.1235     7.7490 r
  Kalman_filter_Z/U3387/CO (ADDFX1)                     0.1257     7.8747 r
  Kalman_filter_Z/U3386/CO (ADDFX1)                     0.1258     8.0005 r
  Kalman_filter_Z/U3385/CO (ADDFX1)                     0.1258     8.1262 r
  Kalman_filter_Z/U3384/CO (ADDFX1)                     0.1258     8.2520 r
  Kalman_filter_Z/U3383/CO (ADDFX1)                     0.1258     8.3778 r
  Kalman_filter_Z/U3382/CO (ADDFX1)                     0.1258     8.5035 r
  Kalman_filter_Z/U3381/CO (ADDFX1)                     0.1258     8.6293 r
  Kalman_filter_Z/U3380/CO (ADDFX1)                     0.1258     8.7551 r
  Kalman_filter_Z/U3379/CO (ADDFX1)                     0.1258     8.8808 r
  Kalman_filter_Z/U3378/CO (ADDFX1)                     0.1258     9.0066 r
  Kalman_filter_Z/U3377/CO (ADDFX1)                     0.1258     9.1323 r
  Kalman_filter_Z/U3376/CO (ADDFX1)                     0.1258     9.2581 r
  Kalman_filter_Z/U3375/CO (ADDFX1)                     0.1258     9.3839 r
  Kalman_filter_Z/U3390/CO (ADDFX1)                     0.1258     9.5096 r
  Kalman_filter_Z/U3391/CO (ADDFX1)                     0.1248     9.6344 r
  Kalman_filter_Z/U673/Y (XNOR2X1)                      0.0932     9.7276 f
  Kalman_filter_Z/U670/Y (XNOR2X1)                      0.1177     9.8453 r
  Kalman_filter_Z/M9/A_00[17] (mult_2x2_2x1_BIT_NUM18_FRAC_NUM9_mydesign_2)
                                                        0.0000     9.8453 r
  Kalman_filter_Z/M9/U6/Y (INVX1)                       0.0682     9.9135 f
  Kalman_filter_Z/M9/U560/Y (XNOR2X1)                   0.1299    10.0434 r
  Kalman_filter_Z/M9/U49/Y (NOR2BXL)                    0.1731    10.2165 r
  Kalman_filter_Z/M9/U81/Y (AOI222X1)                   0.1857    10.4023 f
  Kalman_filter_Z/M9/U59/Y (XNOR2X1)                    0.1298    10.5321 r
  Kalman_filter_Z/M9/U1556/S (ADDHX1)                   0.1168    10.6489 f
  Kalman_filter_Z/M9/U1559/S (ADDFX1)                   0.1862    10.8351 r
  Kalman_filter_Z/M9/U1561/CO (ADDFX1)                  0.1511    10.9863 r
  Kalman_filter_Z/M9/U1606/S (ADDFX1)                   0.1647    11.1510 r
  Kalman_filter_Z/M9/U1611/S (ADDFX1)                   0.2109    11.3618 f
  Kalman_filter_Z/M9/U1618/CO (ADDFX1)                  0.1376    11.4995 f
  Kalman_filter_Z/M9/U1652/S (ADDFX1)                   0.1882    11.6877 r
  Kalman_filter_Z/M9/U1653/S (ADDFX1)                   0.2089    11.8966 f
  Kalman_filter_Z/M9/U1628/S (ADDFX1)                   0.1882    12.0848 r
  Kalman_filter_Z/M9/U1661/CO (ADDFX1)                  0.1498    12.2346 r
  Kalman_filter_Z/M9/U1691/CO (ADDFX1)                  0.1258    12.3604 r
  Kalman_filter_Z/M9/U1717/CO (ADDFX1)                  0.1258    12.4861 r
  Kalman_filter_Z/M9/U1748/CO (ADDFX1)                  0.1258    12.6119 r
  Kalman_filter_Z/M9/U1778/CO (ADDFX1)                  0.1258    12.7377 r
  Kalman_filter_Z/M9/U1809/CO (ADDFX1)                  0.1258    12.8634 r
  Kalman_filter_Z/M9/U1850/CO (ADDFX1)                  0.1258    12.9892 r
  Kalman_filter_Z/M9/U1875/CO (ADDFX1)                  0.1258    13.1149 r
  Kalman_filter_Z/M9/U2687/CO (ADDFX1)                  0.1248    13.2398 r
  Kalman_filter_Z/M9/U834/Y (OAI222XL)                  0.1232    13.3629 f
  Kalman_filter_Z/M9/U555/Y (OAI222XL)                  0.1204    13.4833 r
  Kalman_filter_Z/M9/U554/Y (OAI222XL)                  0.1634    13.6467 f
  Kalman_filter_Z/M9/U1108/Y (OAI222XL)                 0.1219    13.7686 r
  Kalman_filter_Z/M9/U951/Y (OAI222XL)                  0.1634    13.9320 f
  Kalman_filter_Z/M9/U615/Y (OAI222XL)                  0.1219    14.0539 r
  Kalman_filter_Z/M9/U614/Y (OAI222XL)                  0.1634    14.2174 f
  Kalman_filter_Z/M9/U1160/Y (OAI222XL)                 0.1219    14.3393 r
  Kalman_filter_Z/M9/U1162/Y (OAI222XL)                 0.1540    14.4933 f
  Kalman_filter_Z/M9/U972/Y (BUFX2)                     0.1291    14.6224 f
  Kalman_filter_Z/M9/C_00_reg_1_/S0 (SMDFFHQX1)         0.0182    14.6407 f
  data arrival time                                               14.6407

  clock clk (rise edge)                                15.0000    15.0000
  clock network delay (ideal)                           0.0000    15.0000
  Kalman_filter_Z/M9/C_00_reg_1_/CK (SMDFFHQX1)         0.0000    15.0000 r
  library setup time                                   -0.1876    14.8124
  data required time                                              14.8124
  --------------------------------------------------------------------------
  data required time                                              14.8124
  data arrival time                                              -14.6407
  --------------------------------------------------------------------------
  slack (MET)                                                      0.1717


1
